<?xml version="1.0" encoding="UTF-8"?>
<!-- Generated by org.testng.reporters.JUnitReportReporter -->
<testsuite hostname="DESKTOP-I1G5VOG" failures="0" tests="1" name="kiteTest.TestClass" time="5.112" errors="0" timestamp="2022-09-13T19:25:17 IST" skipped="0">
  <testcase classname="kiteTest.TestClass" name="verifyUID" time="5.112"/>
  <system-out>
    <![CDATA[Running verifyUserID]]>
  </system-out>
</testsuite> <!-- kiteTest.TestClass -->
